<?xml version="1.0" encoding="UTF-8"?>
<!-- Generated by org.testng.reporters.JUnitReportReporter -->
<testsuite hostname="metalok" failures="0" tests="1" name="com.SportsVerse.TCs.TC_009_RoadMapPageTest" time="121.612" errors="0" timestamp="2023-07-07T11:38:13 IST" skipped="0">
  <testcase classname="com.SportsVerse.TCs.TC_009_RoadMapPageTest" name="roadMapTest" time="121.612"/>
  <system-out/>
</testsuite> <!-- com.SportsVerse.TCs.TC_009_RoadMapPageTest -->
