<?xml version="1.0" encoding="UTF-8"?>
<!-- Generated by org.testng.reporters.JUnitReportReporter -->
<testsuite hostname="metalok" failures="0" tests="1" name="com.SportsVerse.TCs.TC_002_LearnPageTest" time="227.577" errors="0" timestamp="2023-05-11T10:34:01 IST" skipped="0">
  <testcase classname="com.SportsVerse.TCs.TC_002_LearnPageTest" name="learntest" time="227.577"/>
  <system-out/>
</testsuite> <!-- com.SportsVerse.TCs.TC_002_LearnPageTest -->
