<?xml version="1.0" encoding="UTF-8"?>
<!-- Generated by org.testng.reporters.JUnitReportReporter -->
<testsuite hostname="metalok" failures="0" tests="1" name="com.SportsVerse.TCs.TC_009_RoadMapPageTest" time="118.563" errors="0" timestamp="2023-07-07T10:11:25 IST" skipped="0">
  <testcase classname="com.SportsVerse.TCs.TC_009_RoadMapPageTest" name="roadMapTest" time="118.563"/>
  <system-out/>
</testsuite> <!-- com.SportsVerse.TCs.TC_009_RoadMapPageTest -->
